This file contains any messages produced by compilers while
running configure, to aid debugging if configure makes a mistake.

It was created by libgig configure 3.3.0.svn3, which was
generated by GNU Autoconf 2.68.  Invocation command line was

  $ ./configure 

## --------- ##
## Platform. ##
## --------- ##

hostname = ttlush.localdomain
uname -m = x86_64
uname -r = 3.6.2-4.fc17.x86_64
uname -s = Linux
uname -v = #1 SMP Wed Oct 17 02:43:21 UTC 2012

/usr/bin/uname -p = x86_64
/bin/uname -X     = unknown

/bin/arch              = x86_64
/usr/bin/arch -k       = unknown
/usr/convex/getsysinfo = unknown
/usr/bin/hostinfo      = unknown
/bin/machine           = unknown
/usr/bin/oslevel       = unknown
/bin/universe          = unknown

PATH: /home/kjetil/bin
PATH: /home/kjetil/site/bin
PATH: /home/kjetil/java/jdk/bin
PATH: /home/kjetil/bin
PATH: /home/kjetil/site/bin
PATH: /home/kjetil/java/jdk/bin
PATH: /usr/lib64/qt-3.3/bin
PATH: /usr/local/bin
PATH: /usr/bin
PATH: /bin
PATH: /usr/local/sbin
PATH: /usr/sbin
PATH: /home/kjetil/.local/bin
PATH: /home/kjetil/bin


## ----------- ##
## Core tests. ##
## ----------- ##

configure:2543: checking for g++
configure:2559: found /usr/bin/g++
configure:2570: result: g++
configure:2597: checking for C++ compiler version
configure:2606: g++ --version >&5
g++ (GCC) 4.7.2 20120921 (Red Hat 4.7.2-2)
Copyright (C) 2012 Free Software Foundation, Inc.
This is free software; see the source for copying conditions.  There is NO
warranty; not even for MERCHANTABILITY or FITNESS FOR A PARTICULAR PURPOSE.

configure:2617: $? = 0
configure:2606: g++ -v >&5
Using built-in specs.
COLLECT_GCC=g++
COLLECT_LTO_WRAPPER=/usr/libexec/gcc/x86_64-redhat-linux/4.7.2/lto-wrapper
Target: x86_64-redhat-linux
Configured with: ../configure --prefix=/usr --mandir=/usr/share/man --infodir=/usr/share/info --with-bugurl=http://bugzilla.redhat.com/bugzilla --enable-bootstrap --enable-shared --enable-threads=posix --enable-checking=release --disable-build-with-cxx --disable-build-poststage1-with-cxx --with-system-zlib --enable-__cxa_atexit --disable-libunwind-exceptions --enable-gnu-unique-object --enable-linker-build-id --with-linker-hash-style=gnu --enable-languages=c,c++,objc,obj-c++,java,fortran,ada,go,lto --enable-plugin --enable-initfini-array --enable-java-awt=gtk --disable-dssi --with-java-home=/usr/lib/jvm/java-1.5.0-gcj-1.5.0.0/jre --enable-libgcj-multifile --enable-java-maintainer-mode --with-ecj-jar=/usr/share/java/eclipse-ecj.jar --disable-libjava-multilib --with-ppl --with-cloog --with-tune=generic --with-arch_32=i686 --build=x86_64-redhat-linux
Thread model: posix
gcc version 4.7.2 20120921 (Red Hat 4.7.2-2) (GCC) 
configure:2617: $? = 0
configure:2606: g++ -V >&5
g++: error: unrecognized command line option '-V'
g++: fatal error: no input files
compilation terminated.
configure:2617: $? = 4
configure:2606: g++ -qversion >&5
g++: error: unrecognized command line option '-qversion'
g++: fatal error: no input files
compilation terminated.
configure:2617: $? = 4
configure:2637: checking whether the C++ compiler works
configure:2659: g++ -I/home/kjetil/site/include -march=native -mtune=native -O3 -L/home/kjetil/site/lib conftest.cpp  >&5
configure:2663: $? = 0
configure:2711: result: yes
configure:2714: checking for C++ compiler default output file name
configure:2716: result: a.out
configure:2722: checking for suffix of executables
configure:2729: g++ -o conftest -I/home/kjetil/site/include -march=native -mtune=native -O3 -L/home/kjetil/site/lib conftest.cpp  >&5
configure:2733: $? = 0
configure:2755: result: 
configure:2777: checking whether we are cross compiling
configure:2785: g++ -o conftest -I/home/kjetil/site/include -march=native -mtune=native -O3 -L/home/kjetil/site/lib conftest.cpp  >&5
configure:2789: $? = 0
configure:2796: ./conftest
configure:2800: $? = 0
configure:2815: result: no
configure:2820: checking for suffix of object files
configure:2842: g++ -c -I/home/kjetil/site/include -march=native -mtune=native -O3 conftest.cpp >&5
configure:2846: $? = 0
configure:2867: result: o
configure:2871: checking whether we are using the GNU C++ compiler
configure:2890: g++ -c -I/home/kjetil/site/include -march=native -mtune=native -O3 conftest.cpp >&5
configure:2890: $? = 0
configure:2899: result: yes
configure:2908: checking whether g++ accepts -g
configure:2928: g++ -c -g -mtune=native -O3 conftest.cpp >&5
configure:2928: $? = 0
configure:2969: result: yes
configure:3025: checking build system type
configure:3039: result: x86_64-unknown-linux-gnu
configure:3059: checking host system type
configure:3072: result: x86_64-unknown-linux-gnu
configure:3441: checking how to print strings
configure:3468: result: printf
configure:3537: checking for gcc
configure:3553: found /usr/bin/gcc
configure:3564: result: gcc
configure:3793: checking for C compiler version
configure:3802: gcc --version >&5
gcc (GCC) 4.7.2 20120921 (Red Hat 4.7.2-2)
Copyright (C) 2012 Free Software Foundation, Inc.
This is free software; see the source for copying conditions.  There is NO
warranty; not even for MERCHANTABILITY or FITNESS FOR A PARTICULAR PURPOSE.

configure:3813: $? = 0
configure:3802: gcc -v >&5
Using built-in specs.
COLLECT_GCC=gcc
COLLECT_LTO_WRAPPER=/usr/libexec/gcc/x86_64-redhat-linux/4.7.2/lto-wrapper
Target: x86_64-redhat-linux
Configured with: ../configure --prefix=/usr --mandir=/usr/share/man --infodir=/usr/share/info --with-bugurl=http://bugzilla.redhat.com/bugzilla --enable-bootstrap --enable-shared --enable-threads=posix --enable-checking=release --disable-build-with-cxx --disable-build-poststage1-with-cxx --with-system-zlib --enable-__cxa_atexit --disable-libunwind-exceptions --enable-gnu-unique-object --enable-linker-build-id --with-linker-hash-style=gnu --enable-languages=c,c++,objc,obj-c++,java,fortran,ada,go,lto --enable-plugin --enable-initfini-array --enable-java-awt=gtk --disable-dssi --with-java-home=/usr/lib/jvm/java-1.5.0-gcj-1.5.0.0/jre --enable-libgcj-multifile --enable-java-maintainer-mode --with-ecj-jar=/usr/share/java/eclipse-ecj.jar --disable-libjava-multilib --with-ppl --with-cloog --with-tune=generic --with-arch_32=i686 --build=x86_64-redhat-linux
Thread model: posix
gcc version 4.7.2 20120921 (Red Hat 4.7.2-2) (GCC) 
configure:3813: $? = 0
configure:3802: gcc -V >&5
gcc: error: unrecognized command line option '-V'
gcc: fatal error: no input files
compilation terminated.
configure:3813: $? = 4
configure:3802: gcc -qversion >&5
gcc: error: unrecognized command line option '-qversion'
gcc: fatal error: no input files
compilation terminated.
configure:3813: $? = 4
configure:3817: checking whether we are using the GNU C compiler
configure:3836: gcc -c -mtune=native -O3 -mtune=native -O3 conftest.c >&5
configure:3836: $? = 0
configure:3845: result: yes
configure:3854: checking whether gcc accepts -g
configure:3874: gcc -c -g -mtune=native -O3 conftest.c >&5
configure:3874: $? = 0
configure:3915: result: yes
configure:3932: checking for gcc option to accept ISO C89
configure:3996: gcc  -c -mtune=native -O3 -mtune=native -O3 conftest.c >&5
configure:3996: $? = 0
configure:4009: result: none needed
configure:4029: checking for a sed that does not truncate output
configure:4093: result: /usr/bin/sed
configure:4111: checking for grep that handles long lines and -e
configure:4169: result: /usr/bin/grep
configure:4174: checking for egrep
configure:4236: result: /usr/bin/grep -E
configure:4241: checking for fgrep
configure:4303: result: /usr/bin/grep -F
configure:4338: checking for ld used by gcc
configure:4405: result: /usr/bin/ld
configure:4412: checking if the linker (/usr/bin/ld) is GNU ld
configure:4427: result: yes
configure:4439: checking for BSD- or MS-compatible name lister (nm)
configure:4488: result: /usr/bin/nm -B
configure:4618: checking the name lister (/usr/bin/nm -B) interface
configure:4625: g++ -c -I/home/kjetil/site/include -march=native -mtune=native -O3 conftest.cpp >&5
configure:4628: /usr/bin/nm -B "conftest.o"
configure:4631: output
0000000000000000 B some_variable
configure:4638: result: BSD nm
configure:4641: checking whether ln -s works
configure:4645: result: yes
configure:4653: checking the maximum length of command line arguments
configure:4783: result: 1572864
configure:4800: checking whether the shell understands some XSI constructs
configure:4810: result: yes
configure:4814: checking whether the shell understands "+="
configure:4820: result: yes
configure:4855: checking how to convert x86_64-unknown-linux-gnu file names to x86_64-unknown-linux-gnu format
configure:4895: result: func_convert_file_noop
configure:4902: checking how to convert x86_64-unknown-linux-gnu file names to toolchain format
configure:4922: result: func_convert_file_noop
configure:4929: checking for /usr/bin/ld option to reload object files
configure:4936: result: -r
configure:5010: checking for objdump
configure:5037: result: objdump
configure:5066: checking how to recognize dependent libraries
configure:5268: result: pass_all
configure:5353: checking for dlltool
configure:5380: result: dlltool
configure:5410: checking how to associate runtime and link libraries
configure:5437: result: printf %s\n
configure:5498: checking for ar
configure:5514: found /usr/bin/ar
configure:5525: result: ar
configure:5562: checking for archiver @FILE support
configure:5579: g++ -c -I/home/kjetil/site/include -march=native -mtune=native -O3 conftest.cpp >&5
configure:5579: $? = 0
configure:5582: ar cru libconftest.a @conftest.lst >&5
configure:5585: $? = 0
configure:5590: ar cru libconftest.a @conftest.lst >&5
ar: conftest.o: No such file or directory
configure:5593: $? = 1
configure:5605: result: @
configure:5663: checking for strip
configure:5679: found /usr/bin/strip
configure:5690: result: strip
configure:5762: checking for ranlib
configure:5778: found /usr/bin/ranlib
configure:5789: result: ranlib
configure:5866: checking for gawk
configure:5882: found /usr/bin/gawk
configure:5893: result: gawk
configure:5933: checking command to parse /usr/bin/nm -B output from gcc object
configure:6053: g++ -c -I/home/kjetil/site/include -march=native -mtune=native -O3 conftest.cpp >&5
configure:6056: $? = 0
configure:6060: /usr/bin/nm -B conftest.o \| sed -n -e 's/^.*[ ]\([ABCDGIRSTW][ABCDGIRSTW]*\)[ ][ ]*\([_A-Za-z][_A-Za-z0-9]*\)$/\1 \2 \2/p' | sed '/ __gnu_lto/d' \> conftest.nm
configure:6063: $? = 0
configure:6129: g++ -o conftest -I/home/kjetil/site/include -march=native -mtune=native -O3 -L/home/kjetil/site/lib conftest.cpp conftstm.o >&5
configure:6132: $? = 0
configure:6170: result: ok
configure:6207: checking for sysroot
configure:6237: result: no
configure:6315: g++ -c -I/home/kjetil/site/include -march=native -mtune=native -O3 conftest.cpp >&5
configure:6318: $? = 0
configure:6494: checking for mt
configure:6524: result: no
configure:6544: checking if : is a manifest tool
configure:6550: : '-?'
configure:6558: result: no
configure:7200: checking how to run the C preprocessor
configure:7231: gcc -E -mtune=native -O3 conftest.c
configure:7231: $? = 0
configure:7245: gcc -E -mtune=native -O3 conftest.c
conftest.c:9:28: fatal error: ac_nonexistent.h: No such file or directory
compilation terminated.
configure:7245: $? = 1
configure: failed program was:
| /* confdefs.h */
| #define PACKAGE_NAME "libgig"
| #define PACKAGE_TARNAME "libgig"
| #define PACKAGE_VERSION "3.3.0.svn3"
| #define PACKAGE_STRING "libgig 3.3.0.svn3"
| #define PACKAGE_BUGREPORT ""
| #define PACKAGE_URL ""
| /* end confdefs.h.  */
| #include <ac_nonexistent.h>
configure:7270: result: gcc -E
configure:7290: gcc -E -mtune=native -O3 conftest.c
configure:7290: $? = 0
configure:7304: gcc -E -mtune=native -O3 conftest.c
conftest.c:9:28: fatal error: ac_nonexistent.h: No such file or directory
compilation terminated.
configure:7304: $? = 1
configure: failed program was:
| /* confdefs.h */
| #define PACKAGE_NAME "libgig"
| #define PACKAGE_TARNAME "libgig"
| #define PACKAGE_VERSION "3.3.0.svn3"
| #define PACKAGE_STRING "libgig 3.3.0.svn3"
| #define PACKAGE_BUGREPORT ""
| #define PACKAGE_URL ""
| /* end confdefs.h.  */
| #include <ac_nonexistent.h>
configure:7333: checking for ANSI C header files
configure:7353: gcc -c -mtune=native -O3 -mtune=native -O3 conftest.c >&5
configure:7353: $? = 0
configure:7426: gcc -o conftest -mtune=native -O3 -mtune=native -O3 -L/home/kjetil/site/lib conftest.c  >&5
configure:7426: $? = 0
configure:7426: ./conftest
configure:7426: $? = 0
configure:7437: result: yes
configure:7450: checking for sys/types.h
configure:7450: gcc -c -mtune=native -O3 -mtune=native -O3 conftest.c >&5
configure:7450: $? = 0
configure:7450: result: yes
configure:7450: checking for sys/stat.h
configure:7450: gcc -c -mtune=native -O3 -mtune=native -O3 conftest.c >&5
configure:7450: $? = 0
configure:7450: result: yes
configure:7450: checking for stdlib.h
configure:7450: gcc -c -mtune=native -O3 -mtune=native -O3 conftest.c >&5
configure:7450: $? = 0
configure:7450: result: yes
configure:7450: checking for string.h
configure:7450: gcc -c -mtune=native -O3 -mtune=native -O3 conftest.c >&5
configure:7450: $? = 0
configure:7450: result: yes
configure:7450: checking for memory.h
configure:7450: gcc -c -mtune=native -O3 -mtune=native -O3 conftest.c >&5
configure:7450: $? = 0
configure:7450: result: yes
configure:7450: checking for strings.h
configure:7450: gcc -c -mtune=native -O3 -mtune=native -O3 conftest.c >&5
configure:7450: $? = 0
configure:7450: result: yes
configure:7450: checking for inttypes.h
configure:7450: gcc -c -mtune=native -O3 -mtune=native -O3 conftest.c >&5
configure:7450: $? = 0
configure:7450: result: yes
configure:7450: checking for stdint.h
configure:7450: gcc -c -mtune=native -O3 -mtune=native -O3 conftest.c >&5
configure:7450: $? = 0
configure:7450: result: yes
configure:7450: checking for unistd.h
configure:7450: gcc -c -mtune=native -O3 -mtune=native -O3 conftest.c >&5
configure:7450: $? = 0
configure:7450: result: yes
configure:7464: checking for dlfcn.h
configure:7464: gcc -c -mtune=native -O3 -mtune=native -O3 conftest.c >&5
configure:7464: $? = 0
configure:7464: result: yes
configure:7678: checking for objdir
configure:7693: result: .libs
configure:7960: checking if gcc supports -fno-rtti -fno-exceptions
configure:7978: gcc -c -mtune=native -O3 -mtune=native -O3 -fno-rtti -fno-exceptions conftest.c >&5
cc1: warning: command line option '-fno-rtti' is valid for C++/ObjC++ but not for C [enabled by default]
configure:7982: $? = 0
configure:7995: result: no
configure:8322: checking for gcc option to produce PIC
configure:8329: result: -fPIC -DPIC
configure:8337: checking if gcc PIC flag -fPIC -DPIC works
configure:8355: gcc -c -mtune=native -O3 -mtune=native -O3 -fPIC -DPIC -DPIC conftest.c >&5
configure:8359: $? = 0
configure:8372: result: yes
configure:8401: checking if gcc static flag -static works
configure:8429: result: no
configure:8444: checking if gcc supports -c -o file.o
configure:8465: gcc -c -mtune=native -O3 -mtune=native -O3 -o out/conftest2.o conftest.c >&5
configure:8469: $? = 0
configure:8491: result: yes
configure:8499: checking if gcc supports -c -o file.o
configure:8546: result: yes
configure:8579: checking whether the gcc linker (/usr/bin/ld -m elf_x86_64) supports shared libraries
configure:9732: result: yes
configure:9769: checking whether -lc should be explicitly linked in
configure:9777: gcc -c -mtune=native -O3 -mtune=native -O3 conftest.c >&5
configure:9780: $? = 0
configure:9795: gcc -shared  -fPIC -DPIC conftest.o  -v -Wl,-soname -Wl,conftest -o conftest 2\>\&1 \| /usr/bin/grep  -lc  \>/dev/null 2\>\&1
configure:9798: $? = 0
configure:9812: result: no
configure:9972: checking dynamic linker characteristics
configure:10483: gcc -o conftest -mtune=native -O3 -mtune=native -O3 -L/home/kjetil/site/lib -Wl,-rpath -Wl,/foo conftest.c  >&5
configure:10483: $? = 0
configure:10709: result: GNU/Linux ld.so
configure:10816: checking how to hardcode library paths into programs
configure:10841: result: immediate
configure:11381: checking whether stripping libraries is possible
configure:11386: result: yes
configure:11421: checking if libtool supports shared libraries
configure:11423: result: yes
configure:11426: checking whether to build shared libraries
configure:11447: result: yes
configure:11450: checking whether to build static libraries
configure:11454: result: yes
configure:11477: checking how to run the C++ preprocessor
configure:11504: g++ -E -mtune=native -O3 conftest.cpp
configure:11504: $? = 0
configure:11518: g++ -E -mtune=native -O3 conftest.cpp
conftest.cpp:21:28: fatal error: ac_nonexistent.h: No such file or directory
compilation terminated.
configure:11518: $? = 1
configure: failed program was:
| /* confdefs.h */
| #define PACKAGE_NAME "libgig"
| #define PACKAGE_TARNAME "libgig"
| #define PACKAGE_VERSION "3.3.0.svn3"
| #define PACKAGE_STRING "libgig 3.3.0.svn3"
| #define PACKAGE_BUGREPORT ""
| #define PACKAGE_URL ""
| #define STDC_HEADERS 1
| #define HAVE_SYS_TYPES_H 1
| #define HAVE_SYS_STAT_H 1
| #define HAVE_STDLIB_H 1
| #define HAVE_STRING_H 1
| #define HAVE_MEMORY_H 1
| #define HAVE_STRINGS_H 1
| #define HAVE_INTTYPES_H 1
| #define HAVE_STDINT_H 1
| #define HAVE_UNISTD_H 1
| #define HAVE_DLFCN_H 1
| #define LT_OBJDIR ".libs/"
| /* end confdefs.h.  */
| #include <ac_nonexistent.h>
configure:11543: result: g++ -E
configure:11563: g++ -E -mtune=native -O3 conftest.cpp
configure:11563: $? = 0
configure:11577: g++ -E -mtune=native -O3 conftest.cpp
conftest.cpp:21:28: fatal error: ac_nonexistent.h: No such file or directory
compilation terminated.
configure:11577: $? = 1
configure: failed program was:
| /* confdefs.h */
| #define PACKAGE_NAME "libgig"
| #define PACKAGE_TARNAME "libgig"
| #define PACKAGE_VERSION "3.3.0.svn3"
| #define PACKAGE_STRING "libgig 3.3.0.svn3"
| #define PACKAGE_BUGREPORT ""
| #define PACKAGE_URL ""
| #define STDC_HEADERS 1
| #define HAVE_SYS_TYPES_H 1
| #define HAVE_SYS_STAT_H 1
| #define HAVE_STDLIB_H 1
| #define HAVE_STRING_H 1
| #define HAVE_MEMORY_H 1
| #define HAVE_STRINGS_H 1
| #define HAVE_INTTYPES_H 1
| #define HAVE_STDINT_H 1
| #define HAVE_UNISTD_H 1
| #define HAVE_DLFCN_H 1
| #define LT_OBJDIR ".libs/"
| /* end confdefs.h.  */
| #include <ac_nonexistent.h>
configure:11746: checking for ld used by g++
configure:11813: result: /usr/bin/ld -m elf_x86_64
configure:11820: checking if the linker (/usr/bin/ld -m elf_x86_64) is GNU ld
configure:11835: result: yes
configure:11890: checking whether the g++ linker (/usr/bin/ld -m elf_x86_64) supports shared libraries
configure:12895: result: yes
configure:12931: g++ -c -I/home/kjetil/site/include -march=native -mtune=native -O3 conftest.cpp >&5
configure:12934: $? = 0
configure:13454: checking for g++ option to produce PIC
configure:13461: result: -fPIC -DPIC
configure:13469: checking if g++ PIC flag -fPIC -DPIC works
configure:13487: g++ -c -I/home/kjetil/site/include -march=native -mtune=native -O3 -fPIC -DPIC -DPIC conftest.cpp >&5
configure:13491: $? = 0
configure:13504: result: yes
configure:13527: checking if g++ static flag -static works
configure:13555: result: no
configure:13567: checking if g++ supports -c -o file.o
configure:13588: g++ -c -I/home/kjetil/site/include -march=native -mtune=native -O3 -o out/conftest2.o conftest.cpp >&5
configure:13592: $? = 0
configure:13614: result: yes
configure:13619: checking if g++ supports -c -o file.o
configure:13666: result: yes
configure:13696: checking whether the g++ linker (/usr/bin/ld -m elf_x86_64) supports shared libraries
configure:13732: result: yes
configure:13873: checking dynamic linker characteristics
configure:14544: result: GNU/Linux ld.so
configure:14597: checking how to hardcode library paths into programs
configure:14622: result: immediate
configure:14684: checking whether byte ordering is bigendian
configure:14699: g++ -c -I/home/kjetil/site/include -march=native -mtune=native -O3 conftest.cpp >&5
conftest.cpp:22:9: error: expected unqualified-id before 'not' token
configure:14699: $? = 1
configure: failed program was:
| /* confdefs.h */
| #define PACKAGE_NAME "libgig"
| #define PACKAGE_TARNAME "libgig"
| #define PACKAGE_VERSION "3.3.0.svn3"
| #define PACKAGE_STRING "libgig 3.3.0.svn3"
| #define PACKAGE_BUGREPORT ""
| #define PACKAGE_URL ""
| #define STDC_HEADERS 1
| #define HAVE_SYS_TYPES_H 1
| #define HAVE_SYS_STAT_H 1
| #define HAVE_STDLIB_H 1
| #define HAVE_STRING_H 1
| #define HAVE_MEMORY_H 1
| #define HAVE_STRINGS_H 1
| #define HAVE_INTTYPES_H 1
| #define HAVE_STDINT_H 1
| #define HAVE_UNISTD_H 1
| #define HAVE_DLFCN_H 1
| #define LT_OBJDIR ".libs/"
| /* end confdefs.h.  */
| #ifndef __APPLE_CC__
| 	       not a universal capable compiler
| 	     #endif
| 	     typedef int dummy;
| 
configure:14744: g++ -c -I/home/kjetil/site/include -march=native -mtune=native -O3 conftest.cpp >&5
configure:14744: $? = 0
configure:14762: g++ -c -I/home/kjetil/site/include -march=native -mtune=native -O3 conftest.cpp >&5
conftest.cpp: In function 'int main()':
conftest.cpp:28:8: error: 'big' was not declared in this scope
conftest.cpp:28:12: error: expected ';' before 'endian'
configure:14762: $? = 1
configure: failed program was:
| /* confdefs.h */
| #define PACKAGE_NAME "libgig"
| #define PACKAGE_TARNAME "libgig"
| #define PACKAGE_VERSION "3.3.0.svn3"
| #define PACKAGE_STRING "libgig 3.3.0.svn3"
| #define PACKAGE_BUGREPORT ""
| #define PACKAGE_URL ""
| #define STDC_HEADERS 1
| #define HAVE_SYS_TYPES_H 1
| #define HAVE_SYS_STAT_H 1
| #define HAVE_STDLIB_H 1
| #define HAVE_STRING_H 1
| #define HAVE_MEMORY_H 1
| #define HAVE_STRINGS_H 1
| #define HAVE_INTTYPES_H 1
| #define HAVE_STDINT_H 1
| #define HAVE_UNISTD_H 1
| #define HAVE_DLFCN_H 1
| #define LT_OBJDIR ".libs/"
| /* end confdefs.h.  */
| #include <sys/types.h>
| 		#include <sys/param.h>
| 
| int
| main ()
| {
| #if BYTE_ORDER != BIG_ENDIAN
| 		 not big endian
| 		#endif
| 
|   ;
|   return 0;
| }
configure:14890: result: no
configure:14974: checking for pkg-config
configure:14992: found /usr/bin/pkg-config
configure:15004: result: /usr/bin/pkg-config
configure:15029: checking pkg-config is at least version 0.9.0
configure:15032: result: yes
configure:15042: checking for SNDFILE
configure:15049: $PKG_CONFIG --exists --print-errors "sndfile >= 1.0.2"
configure:15052: $? = 0
configure:15065: $PKG_CONFIG --exists --print-errors "sndfile >= 1.0.2"
configure:15068: $? = 0
configure:15105: result: yes
configure:15218: checking uuid/uuid.h usability
configure:15218: g++ -c -I/home/kjetil/site/include -march=native -mtune=native -O3 conftest.cpp >&5
conftest.cpp:55:23: fatal error: uuid/uuid.h: No such file or directory
compilation terminated.
configure:15218: $? = 1
configure: failed program was:
| /* confdefs.h */
| #define PACKAGE_NAME "libgig"
| #define PACKAGE_TARNAME "libgig"
| #define PACKAGE_VERSION "3.3.0.svn3"
| #define PACKAGE_STRING "libgig 3.3.0.svn3"
| #define PACKAGE_BUGREPORT ""
| #define PACKAGE_URL ""
| #define STDC_HEADERS 1
| #define HAVE_SYS_TYPES_H 1
| #define HAVE_SYS_STAT_H 1
| #define HAVE_STDLIB_H 1
| #define HAVE_STRING_H 1
| #define HAVE_MEMORY_H 1
| #define HAVE_STRINGS_H 1
| #define HAVE_INTTYPES_H 1
| #define HAVE_STDINT_H 1
| #define HAVE_UNISTD_H 1
| #define HAVE_DLFCN_H 1
| #define LT_OBJDIR ".libs/"
| #define HAVE_SNDFILE 1
| /* end confdefs.h.  */
| #include <stdio.h>
| #ifdef HAVE_SYS_TYPES_H
| # include <sys/types.h>
| #endif
| #ifdef HAVE_SYS_STAT_H
| # include <sys/stat.h>
| #endif
| #ifdef STDC_HEADERS
| # include <stdlib.h>
| # include <stddef.h>
| #else
| # ifdef HAVE_STDLIB_H
| #  include <stdlib.h>
| # endif
| #endif
| #ifdef HAVE_STRING_H
| # if !defined STDC_HEADERS && defined HAVE_MEMORY_H
| #  include <memory.h>
| # endif
| # include <string.h>
| #endif
| #ifdef HAVE_STRINGS_H
| # include <strings.h>
| #endif
| #ifdef HAVE_INTTYPES_H
| # include <inttypes.h>
| #endif
| #ifdef HAVE_STDINT_H
| # include <stdint.h>
| #endif
| #ifdef HAVE_UNISTD_H
| # include <unistd.h>
| #endif
| #include <uuid/uuid.h>
configure:15218: result: no
configure:15218: checking uuid/uuid.h presence
configure:15218: g++ -E -mtune=native -O3 conftest.cpp
conftest.cpp:22:23: fatal error: uuid/uuid.h: No such file or directory
compilation terminated.
configure:15218: $? = 1
configure: failed program was:
| /* confdefs.h */
| #define PACKAGE_NAME "libgig"
| #define PACKAGE_TARNAME "libgig"
| #define PACKAGE_VERSION "3.3.0.svn3"
| #define PACKAGE_STRING "libgig 3.3.0.svn3"
| #define PACKAGE_BUGREPORT ""
| #define PACKAGE_URL ""
| #define STDC_HEADERS 1
| #define HAVE_SYS_TYPES_H 1
| #define HAVE_SYS_STAT_H 1
| #define HAVE_STDLIB_H 1
| #define HAVE_STRING_H 1
| #define HAVE_MEMORY_H 1
| #define HAVE_STRINGS_H 1
| #define HAVE_INTTYPES_H 1
| #define HAVE_STDINT_H 1
| #define HAVE_UNISTD_H 1
| #define HAVE_DLFCN_H 1
| #define LT_OBJDIR ".libs/"
| #define HAVE_SNDFILE 1
| /* end confdefs.h.  */
| #include <uuid/uuid.h>
configure:15218: result: no
configure:15218: checking for uuid/uuid.h
configure:15218: result: no
configure:15228: checking for library containing uuid_generate
configure:15259: g++ -o conftest -I/home/kjetil/site/include -march=native -mtune=native -O3 -L/home/kjetil/site/lib conftest.cpp  >&5
/tmp/ccE4rYkr.o: In function `main':
conftest.cpp:(.text.startup+0x5): undefined reference to `uuid_generate'
collect2: error: ld returned 1 exit status
configure:15259: $? = 1
configure: failed program was:
| /* confdefs.h */
| #define PACKAGE_NAME "libgig"
| #define PACKAGE_TARNAME "libgig"
| #define PACKAGE_VERSION "3.3.0.svn3"
| #define PACKAGE_STRING "libgig 3.3.0.svn3"
| #define PACKAGE_BUGREPORT ""
| #define PACKAGE_URL ""
| #define STDC_HEADERS 1
| #define HAVE_SYS_TYPES_H 1
| #define HAVE_SYS_STAT_H 1
| #define HAVE_STDLIB_H 1
| #define HAVE_STRING_H 1
| #define HAVE_MEMORY_H 1
| #define HAVE_STRINGS_H 1
| #define HAVE_INTTYPES_H 1
| #define HAVE_STDINT_H 1
| #define HAVE_UNISTD_H 1
| #define HAVE_DLFCN_H 1
| #define LT_OBJDIR ".libs/"
| #define HAVE_SNDFILE 1
| /* end confdefs.h.  */
| 
| /* Override any GCC internal prototype to avoid an error.
|    Use char because int might match the return type of a GCC
|    builtin and then its argument prototype would still apply.  */
| #ifdef __cplusplus
| extern "C"
| #endif
| char uuid_generate ();
| int
| main ()
| {
| return uuid_generate ();
|   ;
|   return 0;
| }
configure:15259: g++ -o conftest -I/home/kjetil/site/include -march=native -mtune=native -O3 -L/home/kjetil/site/lib conftest.cpp -luuid   >&5
/usr/bin/ld: cannot find -luuid
collect2: error: ld returned 1 exit status
configure:15259: $? = 1
configure: failed program was:
| /* confdefs.h */
| #define PACKAGE_NAME "libgig"
| #define PACKAGE_TARNAME "libgig"
| #define PACKAGE_VERSION "3.3.0.svn3"
| #define PACKAGE_STRING "libgig 3.3.0.svn3"
| #define PACKAGE_BUGREPORT ""
| #define PACKAGE_URL ""
| #define STDC_HEADERS 1
| #define HAVE_SYS_TYPES_H 1
| #define HAVE_SYS_STAT_H 1
| #define HAVE_STDLIB_H 1
| #define HAVE_STRING_H 1
| #define HAVE_MEMORY_H 1
| #define HAVE_STRINGS_H 1
| #define HAVE_INTTYPES_H 1
| #define HAVE_STDINT_H 1
| #define HAVE_UNISTD_H 1
| #define HAVE_DLFCN_H 1
| #define LT_OBJDIR ".libs/"
| #define HAVE_SNDFILE 1
| /* end confdefs.h.  */
| 
| /* Override any GCC internal prototype to avoid an error.
|    Use char because int might match the return type of a GCC
|    builtin and then its argument prototype would still apply.  */
| #ifdef __cplusplus
| extern "C"
| #endif
| char uuid_generate ();
| int
| main ()
| {
| return uuid_generate ();
|   ;
|   return 0;
| }
configure:15276: result: no
configure:15286: checking for uuid_generate
configure:15286: g++ -o conftest -I/home/kjetil/site/include -march=native -mtune=native -O3 -L/home/kjetil/site/lib conftest.cpp  >&5
/tmp/ccaVtOYy.o: In function `main':
conftest.cpp:(.text.startup+0x5): undefined reference to `uuid_generate'
collect2: error: ld returned 1 exit status
configure:15286: $? = 1
configure: failed program was:
| /* confdefs.h */
| #define PACKAGE_NAME "libgig"
| #define PACKAGE_TARNAME "libgig"
| #define PACKAGE_VERSION "3.3.0.svn3"
| #define PACKAGE_STRING "libgig 3.3.0.svn3"
| #define PACKAGE_BUGREPORT ""
| #define PACKAGE_URL ""
| #define STDC_HEADERS 1
| #define HAVE_SYS_TYPES_H 1
| #define HAVE_SYS_STAT_H 1
| #define HAVE_STDLIB_H 1
| #define HAVE_STRING_H 1
| #define HAVE_MEMORY_H 1
| #define HAVE_STRINGS_H 1
| #define HAVE_INTTYPES_H 1
| #define HAVE_STDINT_H 1
| #define HAVE_UNISTD_H 1
| #define HAVE_DLFCN_H 1
| #define LT_OBJDIR ".libs/"
| #define HAVE_SNDFILE 1
| /* end confdefs.h.  */
| /* Define uuid_generate to an innocuous variant, in case <limits.h> declares uuid_generate.
|    For example, HP-UX 11i <limits.h> declares gettimeofday.  */
| #define uuid_generate innocuous_uuid_generate
| 
| /* System header to define __stub macros and hopefully few prototypes,
|     which can conflict with char uuid_generate (); below.
|     Prefer <limits.h> to <assert.h> if __STDC__ is defined, since
|     <limits.h> exists even on freestanding compilers.  */
| 
| #ifdef __STDC__
| # include <limits.h>
| #else
| # include <assert.h>
| #endif
| 
| #undef uuid_generate
| 
| /* Override any GCC internal prototype to avoid an error.
|    Use char because int might match the return type of a GCC
|    builtin and then its argument prototype would still apply.  */
| #ifdef __cplusplus
| extern "C"
| #endif
| char uuid_generate ();
| /* The GNU C library defines this for functions which it implements
|     to always fail with ENOSYS.  Some functions are actually named
|     something starting with __ and the normal name is an alias.  */
| #if defined __stub_uuid_generate || defined __stub___uuid_generate
| choke me
| #endif
| 
| int
| main ()
| {
| return uuid_generate ();
|   ;
|   return 0;
| }
configure:15286: result: no
configure:15334: WARNING: No UUID generate function found.
*** libgig will not be able to create DLSIDs in DLS and gig files.
*** Install libuuid from e2fsprogs to solve this. Package might be called
*** uuid-dev, libext2fs2-devel or e2fsprogs-devel.
configure:15359: checking for a BSD-compatible install
configure:15427: result: /usr/bin/install -c
configure:15438: checking whether build environment is sane
configure:15488: result: yes
configure:15629: checking for a thread-safe mkdir -p
configure:15668: result: /usr/bin/mkdir -p
configure:15677: checking whether make sets $(MAKE)
configure:15699: result: yes
configure:15729: checking for style of include used by make
configure:15757: result: GNU
configure:15843: checking dependency style of gcc
configure:15954: result: gcc3
configure:15971: checking dependency style of g++
configure:16082: result: gcc3
configure:16248: creating ./config.status

## ---------------------- ##
## Running config.status. ##
## ---------------------- ##

This file was extended by libgig config.status 3.3.0.svn3, which was
generated by GNU Autoconf 2.68.  Invocation command line was

  CONFIG_FILES    = 
  CONFIG_HEADERS  = 
  CONFIG_LINKS    = 
  CONFIG_COMMANDS = 
  $ ./config.status 

on ttlush.localdomain

config.status:1188: creating Doxyfile
config.status:1188: creating gig.pc
config.status:1188: creating libgig.spec
config.status:1188: creating Makefile
config.status:1188: creating src/Makefile
config.status:1188: creating src/testcases/Makefile
config.status:1188: creating doc/Makefile
config.status:1188: creating man/Makefile
config.status:1188: creating man/dlsdump.1
config.status:1188: creating man/gigdump.1
config.status:1188: creating man/gigextract.1
config.status:1188: creating man/rifftree.1
config.status:1188: creating debian/Makefile
config.status:1188: creating osx/Makefile
config.status:1188: creating osx/libgig.xcodeproj/Makefile
config.status:1188: creating win32/Makefile
config.status:1188: creating win32/libgig.dev
config.status:1188: creating config.h
config.status:1417: executing libtool commands
config.status:1417: executing depfiles commands

## ---------------- ##
## Cache variables. ##
## ---------------- ##

ac_cv_build=x86_64-unknown-linux-gnu
ac_cv_c_bigendian=no
ac_cv_c_compiler_gnu=yes
ac_cv_cxx_compiler_gnu=yes
ac_cv_env_AUDIOFILE_CFLAGS_set=
ac_cv_env_AUDIOFILE_CFLAGS_value=
ac_cv_env_AUDIOFILE_LIBS_set=
ac_cv_env_AUDIOFILE_LIBS_value=
ac_cv_env_CCC_set=
ac_cv_env_CCC_value=
ac_cv_env_CC_set=
ac_cv_env_CC_value=
ac_cv_env_CFLAGS_set=set
ac_cv_env_CFLAGS_value='-mtune=native -O3'
ac_cv_env_CPPFLAGS_set=set
ac_cv_env_CPPFLAGS_value='-mtune=native -O3'
ac_cv_env_CPP_set=
ac_cv_env_CPP_value=
ac_cv_env_CXXCPP_set=
ac_cv_env_CXXCPP_value=
ac_cv_env_CXXFLAGS_set=set
ac_cv_env_CXXFLAGS_value='-I/home/kjetil/site/include -march=native'
ac_cv_env_CXX_set=
ac_cv_env_CXX_value=
ac_cv_env_LDFLAGS_set=set
ac_cv_env_LDFLAGS_value=-L/home/kjetil/site/lib
ac_cv_env_LIBS_set=
ac_cv_env_LIBS_value=
ac_cv_env_PKG_CONFIG_LIBDIR_set=
ac_cv_env_PKG_CONFIG_LIBDIR_value=
ac_cv_env_PKG_CONFIG_PATH_set=
ac_cv_env_PKG_CONFIG_PATH_value=
ac_cv_env_PKG_CONFIG_set=
ac_cv_env_PKG_CONFIG_value=
ac_cv_env_SNDFILE_CFLAGS_set=
ac_cv_env_SNDFILE_CFLAGS_value=
ac_cv_env_SNDFILE_LIBS_set=
ac_cv_env_SNDFILE_LIBS_value=
ac_cv_env_build_alias_set=
ac_cv_env_build_alias_value=
ac_cv_env_host_alias_set=
ac_cv_env_host_alias_value=
ac_cv_env_target_alias_set=
ac_cv_env_target_alias_value=
ac_cv_func_uuid_generate=no
ac_cv_header_dlfcn_h=yes
ac_cv_header_inttypes_h=yes
ac_cv_header_memory_h=yes
ac_cv_header_stdc=yes
ac_cv_header_stdint_h=yes
ac_cv_header_stdlib_h=yes
ac_cv_header_string_h=yes
ac_cv_header_strings_h=yes
ac_cv_header_sys_stat_h=yes
ac_cv_header_sys_types_h=yes
ac_cv_header_unistd_h=yes
ac_cv_header_uuid_uuid_h=no
ac_cv_host=x86_64-unknown-linux-gnu
ac_cv_objext=o
ac_cv_path_EGREP='/usr/bin/grep -E'
ac_cv_path_FGREP='/usr/bin/grep -F'
ac_cv_path_GREP=/usr/bin/grep
ac_cv_path_SED=/usr/bin/sed
ac_cv_path_ac_pt_PKG_CONFIG=/usr/bin/pkg-config
ac_cv_path_install='/usr/bin/install -c'
ac_cv_path_mkdir=/usr/bin/mkdir
ac_cv_prog_AWK=gawk
ac_cv_prog_CPP='gcc -E'
ac_cv_prog_CXXCPP='g++ -E'
ac_cv_prog_ac_ct_AR=ar
ac_cv_prog_ac_ct_CC=gcc
ac_cv_prog_ac_ct_CXX=g++
ac_cv_prog_ac_ct_DLLTOOL=dlltool
ac_cv_prog_ac_ct_OBJDUMP=objdump
ac_cv_prog_ac_ct_RANLIB=ranlib
ac_cv_prog_ac_ct_STRIP=strip
ac_cv_prog_cc_c89=
ac_cv_prog_cc_g=yes
ac_cv_prog_cxx_g=yes
ac_cv_prog_make_make_set=yes
ac_cv_search_uuid_generate=no
ac_cv_sndfile=1
am_cv_CC_dependencies_compiler_type=gcc3
am_cv_CXX_dependencies_compiler_type=gcc3
lt_cv_ar_at_file=@
lt_cv_archive_cmds_need_lc=no
lt_cv_deplibs_check_method=pass_all
lt_cv_file_magic_cmd='$MAGIC_CMD'
lt_cv_file_magic_test_file=
lt_cv_ld_reload_flag=-r
lt_cv_nm_interface='BSD nm'
lt_cv_objdir=.libs
lt_cv_path_LD=/usr/bin/ld
lt_cv_path_LDCXX='/usr/bin/ld -m elf_x86_64'
lt_cv_path_NM='/usr/bin/nm -B'
lt_cv_path_mainfest_tool=no
lt_cv_prog_compiler_c_o=yes
lt_cv_prog_compiler_c_o_CXX=yes
lt_cv_prog_compiler_pic='-fPIC -DPIC'
lt_cv_prog_compiler_pic_CXX='-fPIC -DPIC'
lt_cv_prog_compiler_pic_works=yes
lt_cv_prog_compiler_pic_works_CXX=yes
lt_cv_prog_compiler_rtti_exceptions=no
lt_cv_prog_compiler_static_works=no
lt_cv_prog_compiler_static_works_CXX=no
lt_cv_prog_gnu_ld=yes
lt_cv_prog_gnu_ldcxx=yes
lt_cv_sharedlib_from_linklib_cmd='printf %s\n'
lt_cv_shlibpath_overrides_runpath=no
lt_cv_sys_global_symbol_pipe='sed -n -e '\''s/^.*[	 ]\([ABCDGIRSTW][ABCDGIRSTW]*\)[	 ][	 ]*\([_A-Za-z][_A-Za-z0-9]*\)$/\1 \2 \2/p'\'' | sed '\''/ __gnu_lto/d'\'''
lt_cv_sys_global_symbol_to_c_name_address='sed -n -e '\''s/^: \([^ ]*\)[ ]*$/  {\"\1\", (void *) 0},/p'\'' -e '\''s/^[ABCDGIRSTW]* \([^ ]*\) \([^ ]*\)$/  {"\2", (void *) \&\2},/p'\'''
lt_cv_sys_global_symbol_to_c_name_address_lib_prefix='sed -n -e '\''s/^: \([^ ]*\)[ ]*$/  {\"\1\", (void *) 0},/p'\'' -e '\''s/^[ABCDGIRSTW]* \([^ ]*\) \(lib[^ ]*\)$/  {"\2", (void *) \&\2},/p'\'' -e '\''s/^[ABCDGIRSTW]* \([^ ]*\) \([^ ]*\)$/  {"lib\2", (void *) \&\2},/p'\'''
lt_cv_sys_global_symbol_to_cdecl='sed -n -e '\''s/^T .* \(.*\)$/extern int \1();/p'\'' -e '\''s/^[ABCDGIRSTW]* .* \(.*\)$/extern char \1;/p'\'''
lt_cv_sys_max_cmd_len=1572864
lt_cv_to_host_file_cmd=func_convert_file_noop
lt_cv_to_tool_file_cmd=func_convert_file_noop
pkg_cv_SNDFILE_CFLAGS=' '
pkg_cv_SNDFILE_LIBS='-lsndfile  '

## ----------------- ##
## Output variables. ##
## ----------------- ##

ACLOCAL='${SHELL} /home/kjetil/radium-qt4/bin/packages/libgig/missing --run aclocal-1.11'
AMDEPBACKSLASH='\'
AMDEP_FALSE='#'
AMDEP_TRUE=''
AMTAR='$${TAR-tar}'
AR='ar'
AS='as'
AUDIOFILE_CFLAGS=''
AUDIOFILE_LIBS=''
AUTOCONF='${SHELL} /home/kjetil/radium-qt4/bin/packages/libgig/missing --run autoconf'
AUTOHEADER='${SHELL} /home/kjetil/radium-qt4/bin/packages/libgig/missing --run autoheader'
AUTOMAKE='${SHELL} /home/kjetil/radium-qt4/bin/packages/libgig/missing --run automake-1.11'
AWK='gawk'
CC='gcc'
CCDEPMODE='depmode=gcc3'
CFLAGS='-mtune=native -O3'
CPP='gcc -E'
CPPFLAGS='-mtune=native -O3'
CXX='g++'
CXXCPP='g++ -E'
CXXDEPMODE='depmode=gcc3'
CXXFLAGS='-I/home/kjetil/site/include -march=native'
CYGPATH_W='echo'
DEFS='-DHAVE_CONFIG_H'
DEPDIR='.deps'
DLLTOOL='dlltool'
DSYMUTIL=''
DUMPBIN=''
ECHO_C=''
ECHO_N='-n'
ECHO_T=''
EGREP='/usr/bin/grep -E'
EXEEXT=''
FGREP='/usr/bin/grep -F'
GREP='/usr/bin/grep'
HAVE_SNDFILE_FALSE='#'
HAVE_SNDFILE_TRUE=''
INSTALL_DATA='${INSTALL} -m 644'
INSTALL_PROGRAM='${INSTALL}'
INSTALL_SCRIPT='${INSTALL}'
INSTALL_STRIP_PROGRAM='$(install_sh) -c -s'
LD='/usr/bin/ld -m elf_x86_64'
LDFLAGS='-L/home/kjetil/site/lib'
LIBGIG_RELEASE_BUILD='0.svn3'
LIBGIG_RELEASE_MAJOR='3'
LIBGIG_RELEASE_MINOR='3'
LIBOBJS=''
LIBS=''
LIBTOOL='$(SHELL) $(top_builddir)/libtool'
LIPO=''
LN_S='ln -s'
LTLIBOBJS=''
MAC_FALSE=''
MAC_TRUE='#'
MAKEINFO='${SHELL} /home/kjetil/radium-qt4/bin/packages/libgig/missing --run makeinfo'
MANIFEST_TOOL=':'
MKDIR_P='/usr/bin/mkdir -p'
NM='/usr/bin/nm -B'
NMEDIT=''
OBJDUMP='objdump'
OBJEXT='o'
OTOOL64=''
OTOOL=''
PACKAGE='libgig'
PACKAGE_BUGREPORT=''
PACKAGE_NAME='libgig'
PACKAGE_STRING='libgig 3.3.0.svn3'
PACKAGE_TARNAME='libgig'
PACKAGE_URL=''
PACKAGE_VERSION='3.3.0.svn3'
PATH_SEPARATOR=':'
PKG_CONFIG='/usr/bin/pkg-config'
PKG_CONFIG_LIBDIR=''
PKG_CONFIG_PATH=''
RANLIB='ranlib'
SED='/usr/bin/sed'
SET_MAKE=''
SHARED_VERSION_INFO='10:0:4'
SHELL='/bin/sh'
SHLIB_VERSION_ARG=''
SNDFILE_CFLAGS=' '
SNDFILE_LIBS='-lsndfile  '
STRIP='strip'
VERSION='3.3.0.svn3'
WIN32_FALSE=''
WIN32_TRUE='#'
ac_ct_AR='ar'
ac_ct_CC='gcc'
ac_ct_CXX='g++'
ac_ct_DUMPBIN=''
am__EXEEXT_FALSE=''
am__EXEEXT_TRUE='#'
am__fastdepCC_FALSE='#'
am__fastdepCC_TRUE=''
am__fastdepCXX_FALSE='#'
am__fastdepCXX_TRUE=''
am__include='include'
am__isrc=''
am__leading_dot='.'
am__nodep='_no'
am__quote=''
am__tar='$${TAR-tar} chof - "$$tardir"'
am__untar='$${TAR-tar} xf -'
bindir='${exec_prefix}/bin'
build='x86_64-unknown-linux-gnu'
build_alias=''
build_cpu='x86_64'
build_os='linux-gnu'
build_vendor='unknown'
datadir='${datarootdir}'
datarootdir='${prefix}/share'
docdir='${datarootdir}/doc/${PACKAGE_TARNAME}'
dvidir='${docdir}'
exec_prefix='${prefix}'
host='x86_64-unknown-linux-gnu'
host_alias=''
host_cpu='x86_64'
host_os='linux-gnu'
host_vendor='unknown'
htmldir='${docdir}'
includedir='${prefix}/include'
infodir='${datarootdir}/info'
install_sh='${SHELL} /home/kjetil/radium-qt4/bin/packages/libgig/install-sh'
libdir='${exec_prefix}/lib'
libexecdir='${exec_prefix}/libexec'
localedir='${datarootdir}/locale'
localstatedir='${prefix}/var'
mandir='${datarootdir}/man'
mkdir_p='/usr/bin/mkdir -p'
oldincludedir='/usr/include'
pdfdir='${docdir}'
prefix='/usr/local'
program_transform_name='s,x,x,'
psdir='${docdir}'
sbindir='${exec_prefix}/sbin'
sharedstatedir='${prefix}/com'
sysconfdir='${prefix}/etc'
target_alias=''

## ----------- ##
## confdefs.h. ##
## ----------- ##

/* confdefs.h */
#define PACKAGE_NAME "libgig"
#define PACKAGE_TARNAME "libgig"
#define PACKAGE_VERSION "3.3.0.svn3"
#define PACKAGE_STRING "libgig 3.3.0.svn3"
#define PACKAGE_BUGREPORT ""
#define PACKAGE_URL ""
#define STDC_HEADERS 1
#define HAVE_SYS_TYPES_H 1
#define HAVE_SYS_STAT_H 1
#define HAVE_STDLIB_H 1
#define HAVE_STRING_H 1
#define HAVE_MEMORY_H 1
#define HAVE_STRINGS_H 1
#define HAVE_INTTYPES_H 1
#define HAVE_STDINT_H 1
#define HAVE_UNISTD_H 1
#define HAVE_DLFCN_H 1
#define LT_OBJDIR ".libs/"
#define HAVE_SNDFILE 1
#define PACKAGE "libgig"
#define VERSION "3.3.0.svn3"

configure: exit 0
