This file contains any messages produced by compilers while
running configure, to aid debugging if configure makes a mistake.

It was created by RtMidi configure 2.0, which was
generated by GNU Autoconf 2.61.  Invocation command line was

  $ ./configure --host=i686-apple-darwin10 --build=x86_64-unknown-linux-gnu --target=i686-apple-darwin10 --prefix=/usr/darwinx/usr --exec-prefix=/usr/darwinx/usr --bindir=/usr/darwinx/usr/bin --sbindir=/usr/darwinx/usr/sbin --sysconfdir=/usr/darwinx/usr/etc --datadir=/usr/darwinx/usr/share --includedir=/usr/darwinx/usr/include --libdir=/usr/darwinx/usr/lib --libexecdir=/usr/darwinx/usr/libexec --localstatedir=/usr/darwinx/usr/var --sharedstatedir=/usr/darwinx/usr/com --mandir=/usr/darwinx/usr/share/man --infodir=/usr/darwinx/usr/share/info --disable-dependency-tracking

## --------- ##
## Platform. ##
## --------- ##

hostname = ttlush.localdomain
uname -m = x86_64
uname -r = 3.5.2-3.fc17.x86_64
uname -s = Linux
uname -v = #1 SMP Tue Aug 21 19:06:52 UTC 2012

/usr/bin/uname -p = x86_64
/bin/uname -X     = unknown

/bin/arch              = x86_64
/usr/bin/arch -k       = unknown
/usr/convex/getsysinfo = unknown
/usr/bin/hostinfo      = unknown
/bin/machine           = unknown
/usr/bin/oslevel       = unknown
/bin/universe          = unknown

PATH: /usr/darwinx/usr/bin
PATH: /home/kjetil/bin
PATH: /home/kjetil/site/bin
PATH: /home/kjetil/java/jdk/bin
PATH: /home/kjetil/bin
PATH: /home/kjetil/site/bin
PATH: /home/kjetil/java/jdk/bin
PATH: /usr/lib64/qt-3.3/bin
PATH: /usr/local/bin
PATH: /usr/bin
PATH: /bin
PATH: /usr/local/sbin
PATH: /usr/sbin
PATH: /home/kjetil/.local/bin
PATH: /home/kjetil/bin


## ----------- ##
## Core tests. ##
## ----------- ##

configure:1885: checking for C++ compiler version
configure:1892: darwinx-g++ --version >&5
i686-apple-darwin10-g++ (GCC) 4.2.1 (Apple Inc. build 5664)
Copyright (C) 2007 Free Software Foundation, Inc.
This is free software; see the source for copying conditions.  There is NO
warranty; not even for MERCHANTABILITY or FITNESS FOR A PARTICULAR PURPOSE.

configure:1895: $? = 0
configure:1902: darwinx-g++ -v >&5
Using built-in specs.
Target: i686-apple-darwin10
Configured with: ../configure --prefix=/usr --bindir=/usr/bin --includedir=/usr/include --libdir=/usr/lib64 --mandir=/usr/share/man --infodir=/usr/share/info --datadir=/usr/share --build=x86_64-unknown-linux-gnu --host=x86_64-unknown-linux-gnu --target=i686-apple-darwin10 --enable-languages=c,objc,c++,obj-c++ --with-sysroot=/usr/darwinx/SDKs/MacOSX10.5.sdk --with-as=/usr/bin/darwinx-as --with-ld=/usr/bin/darwinx-ld --enable-static --enable-shared --disable-nls --enable-multilib --enable-libssp
Thread model: posix
gcc version 4.2.1 (Apple Inc. build 5664)
configure:1905: $? = 0
configure:1912: darwinx-g++ -V >&5
darwinx-g++: argument to `-V' is missing
configure:1915: $? = 1
configure:1938: checking for C++ compiler default output file name
configure:1965: darwinx-g++ -gstabs -Wall -isysroot /usr/darwinx/SDKs/MacOSX10.5.sdk -I/usr/darwinx/usr/include -arch i386 -arch ppc -arch x86_64 -gstabs -Wall -isysroot /usr/darwinx/SDKs/MacOSX10.5.sdk -I/usr/darwinx/usr/include -L/usr/darwinx/usr/lib conftest.cpp  >&5
configure:1968: $? = 0
configure:2006: result: a.out
configure:2023: checking whether the C++ compiler works
configure:2053: result: yes
configure:2060: checking whether we are cross compiling
configure:2062: result: yes
configure:2065: checking for suffix of executables
configure:2072: darwinx-g++ -o conftest -gstabs -Wall -isysroot /usr/darwinx/SDKs/MacOSX10.5.sdk -I/usr/darwinx/usr/include -arch i386 -arch ppc -arch x86_64 -gstabs -Wall -isysroot /usr/darwinx/SDKs/MacOSX10.5.sdk -I/usr/darwinx/usr/include -L/usr/darwinx/usr/lib conftest.cpp  >&5
configure:2075: $? = 0
configure:2099: result: 
configure:2105: checking for suffix of object files
configure:2131: darwinx-g++ -c -gstabs -Wall -isysroot /usr/darwinx/SDKs/MacOSX10.5.sdk -I/usr/darwinx/usr/include -arch i386 -arch ppc -arch x86_64 -gstabs -Wall -isysroot /usr/darwinx/SDKs/MacOSX10.5.sdk -I/usr/darwinx/usr/include conftest.cpp >&5
configure:2134: $? = 0
configure:2157: result: o
configure:2161: checking whether we are using the GNU C++ compiler
configure:2190: darwinx-g++ -c -gstabs -Wall -isysroot /usr/darwinx/SDKs/MacOSX10.5.sdk -I/usr/darwinx/usr/include -arch i386 -arch ppc -arch x86_64 -gstabs -Wall -isysroot /usr/darwinx/SDKs/MacOSX10.5.sdk -I/usr/darwinx/usr/include conftest.cpp >&5
configure:2196: $? = 0
configure:2213: result: yes
configure:2218: checking whether darwinx-g++ accepts -g
configure:2248: darwinx-g++ -c -g -gstabs -Wall -isysroot /usr/darwinx/SDKs/MacOSX10.5.sdk -I/usr/darwinx/usr/include conftest.cpp >&5
configure:2254: $? = 0
configure:2353: result: yes
configure:2379: checking for i686-apple-darwin10-ranlib
configure:2406: result: /usr/bin/darwinx-ranlib
configure:2474: checking for ar
configure:2505: result: /usr/bin/darwinx-ar
configure:2528: checking for i686-apple-darwin10-gcc
configure:2555: result: darwinx-gcc
configure:2833: checking for C compiler version
configure:2840: darwinx-gcc --version >&5
i686-apple-darwin10-gcc (GCC) 4.2.1 (Apple Inc. build 5664)
Copyright (C) 2007 Free Software Foundation, Inc.
This is free software; see the source for copying conditions.  There is NO
warranty; not even for MERCHANTABILITY or FITNESS FOR A PARTICULAR PURPOSE.

configure:2843: $? = 0
configure:2850: darwinx-gcc -v >&5
Using built-in specs.
Target: i686-apple-darwin10
Configured with: ../configure --prefix=/usr --bindir=/usr/bin --includedir=/usr/include --libdir=/usr/lib64 --mandir=/usr/share/man --infodir=/usr/share/info --datadir=/usr/share --build=x86_64-unknown-linux-gnu --host=x86_64-unknown-linux-gnu --target=i686-apple-darwin10 --enable-languages=c,objc,c++,obj-c++ --with-sysroot=/usr/darwinx/SDKs/MacOSX10.5.sdk --with-as=/usr/bin/darwinx-as --with-ld=/usr/bin/darwinx-ld --enable-static --enable-shared --disable-nls --enable-multilib --enable-libssp
Thread model: posix
gcc version 4.2.1 (Apple Inc. build 5664)
configure:2853: $? = 0
configure:2860: darwinx-gcc -V >&5
darwinx-gcc: argument to `-V' is missing
configure:2863: $? = 1
configure:2866: checking whether we are using the GNU C compiler
configure:2895: darwinx-gcc -c -gstabs -Wall -isysroot /usr/darwinx/SDKs/MacOSX10.5.sdk -I/usr/darwinx/usr/include -arch i386 -arch ppc -arch x86_64 -gstabs -Wall -isysroot /usr/darwinx/SDKs/MacOSX10.5.sdk -I/usr/darwinx/usr/include conftest.c >&5
configure:2901: $? = 0
configure:2918: result: yes
configure:2923: checking whether darwinx-gcc accepts -g
configure:2953: darwinx-gcc -c -g -gstabs -Wall -isysroot /usr/darwinx/SDKs/MacOSX10.5.sdk -I/usr/darwinx/usr/include conftest.c >&5
configure:2959: $? = 0
configure:3058: result: yes
configure:3075: checking for darwinx-gcc option to accept ISO C89
configure:3149: darwinx-gcc  -c -gstabs -Wall -isysroot /usr/darwinx/SDKs/MacOSX10.5.sdk -I/usr/darwinx/usr/include -arch i386 -arch ppc -arch x86_64 -gstabs -Wall -isysroot /usr/darwinx/SDKs/MacOSX10.5.sdk -I/usr/darwinx/usr/include conftest.c >&5
configure:3155: $? = 0
configure:3178: result: none needed
configure:3202: checking how to run the C preprocessor
configure:3242: darwinx-gcc -E -gstabs -Wall -isysroot /usr/darwinx/SDKs/MacOSX10.5.sdk -I/usr/darwinx/usr/include conftest.c
configure:3248: $? = 0
configure:3279: darwinx-gcc -E -gstabs -Wall -isysroot /usr/darwinx/SDKs/MacOSX10.5.sdk -I/usr/darwinx/usr/include conftest.c
conftest.c:8:28: error: ac_nonexistent.h: No such file or directory
configure:3285: $? = 1
configure: failed program was:
| /* confdefs.h.  */
| #define PACKAGE_NAME "RtMidi"
| #define PACKAGE_TARNAME "rtmidi"
| #define PACKAGE_VERSION "2.0"
| #define PACKAGE_STRING "RtMidi 2.0"
| #define PACKAGE_BUGREPORT "gary@music.mcgill.ca"
| /* end confdefs.h.  */
| #include <ac_nonexistent.h>
configure:3318: result: darwinx-gcc -E
configure:3347: darwinx-gcc -E -gstabs -Wall -isysroot /usr/darwinx/SDKs/MacOSX10.5.sdk -I/usr/darwinx/usr/include conftest.c
configure:3353: $? = 0
configure:3384: darwinx-gcc -E -gstabs -Wall -isysroot /usr/darwinx/SDKs/MacOSX10.5.sdk -I/usr/darwinx/usr/include conftest.c
conftest.c:8:28: error: ac_nonexistent.h: No such file or directory
configure:3390: $? = 1
configure: failed program was:
| /* confdefs.h.  */
| #define PACKAGE_NAME "RtMidi"
| #define PACKAGE_TARNAME "rtmidi"
| #define PACKAGE_VERSION "2.0"
| #define PACKAGE_STRING "RtMidi 2.0"
| #define PACKAGE_BUGREPORT "gary@music.mcgill.ca"
| /* end confdefs.h.  */
| #include <ac_nonexistent.h>
configure:3428: checking for grep that handles long lines and -e
configure:3502: result: /usr/bin/grep
configure:3507: checking for egrep
configure:3585: result: /usr/bin/grep -E
configure:3590: checking for ANSI C header files
configure:3620: darwinx-gcc -c -gstabs -Wall -isysroot /usr/darwinx/SDKs/MacOSX10.5.sdk -I/usr/darwinx/usr/include -arch i386 -arch ppc -arch x86_64 -gstabs -Wall -isysroot /usr/darwinx/SDKs/MacOSX10.5.sdk -I/usr/darwinx/usr/include conftest.c >&5
configure:3626: $? = 0
configure:3754: result: yes
configure:3767: checking whether to compile debug version
configure:3780: result: no
configure:3807: checking build system type
configure:3825: result: x86_64-unknown-linux-gnu
configure:3847: checking host system type
configure:3862: result: i686-apple-darwin10
configure:3903: checking for MIDI API
configure:4339: checking for sys/types.h
configure:4360: darwinx-gcc -c -gstabs -Wall -isysroot /usr/darwinx/SDKs/MacOSX10.5.sdk -I/usr/darwinx/usr/include -arch i386 -arch ppc -arch x86_64 -gstabs -Wall -isysroot /usr/darwinx/SDKs/MacOSX10.5.sdk -I/usr/darwinx/usr/include  conftest.c >&5
configure:4366: $? = 0
configure:4382: result: yes
configure:4339: checking for sys/stat.h
configure:4360: darwinx-gcc -c -gstabs -Wall -isysroot /usr/darwinx/SDKs/MacOSX10.5.sdk -I/usr/darwinx/usr/include -arch i386 -arch ppc -arch x86_64 -gstabs -Wall -isysroot /usr/darwinx/SDKs/MacOSX10.5.sdk -I/usr/darwinx/usr/include  conftest.c >&5
configure:4366: $? = 0
configure:4382: result: yes
configure:4339: checking for stdlib.h
configure:4360: darwinx-gcc -c -gstabs -Wall -isysroot /usr/darwinx/SDKs/MacOSX10.5.sdk -I/usr/darwinx/usr/include -arch i386 -arch ppc -arch x86_64 -gstabs -Wall -isysroot /usr/darwinx/SDKs/MacOSX10.5.sdk -I/usr/darwinx/usr/include  conftest.c >&5
configure:4366: $? = 0
configure:4382: result: yes
configure:4339: checking for string.h
configure:4360: darwinx-gcc -c -gstabs -Wall -isysroot /usr/darwinx/SDKs/MacOSX10.5.sdk -I/usr/darwinx/usr/include -arch i386 -arch ppc -arch x86_64 -gstabs -Wall -isysroot /usr/darwinx/SDKs/MacOSX10.5.sdk -I/usr/darwinx/usr/include  conftest.c >&5
configure:4366: $? = 0
configure:4382: result: yes
configure:4339: checking for memory.h
configure:4360: darwinx-gcc -c -gstabs -Wall -isysroot /usr/darwinx/SDKs/MacOSX10.5.sdk -I/usr/darwinx/usr/include -arch i386 -arch ppc -arch x86_64 -gstabs -Wall -isysroot /usr/darwinx/SDKs/MacOSX10.5.sdk -I/usr/darwinx/usr/include  conftest.c >&5
configure:4366: $? = 0
configure:4382: result: yes
configure:4339: checking for strings.h
configure:4360: darwinx-gcc -c -gstabs -Wall -isysroot /usr/darwinx/SDKs/MacOSX10.5.sdk -I/usr/darwinx/usr/include -arch i386 -arch ppc -arch x86_64 -gstabs -Wall -isysroot /usr/darwinx/SDKs/MacOSX10.5.sdk -I/usr/darwinx/usr/include  conftest.c >&5
configure:4366: $? = 0
configure:4382: result: yes
configure:4339: checking for inttypes.h
configure:4360: darwinx-gcc -c -gstabs -Wall -isysroot /usr/darwinx/SDKs/MacOSX10.5.sdk -I/usr/darwinx/usr/include -arch i386 -arch ppc -arch x86_64 -gstabs -Wall -isysroot /usr/darwinx/SDKs/MacOSX10.5.sdk -I/usr/darwinx/usr/include  conftest.c >&5
configure:4366: $? = 0
configure:4382: result: yes
configure:4339: checking for stdint.h
configure:4360: darwinx-gcc -c -gstabs -Wall -isysroot /usr/darwinx/SDKs/MacOSX10.5.sdk -I/usr/darwinx/usr/include -arch i386 -arch ppc -arch x86_64 -gstabs -Wall -isysroot /usr/darwinx/SDKs/MacOSX10.5.sdk -I/usr/darwinx/usr/include  conftest.c >&5
configure:4366: $? = 0
configure:4382: result: yes
configure:4339: checking for unistd.h
configure:4360: darwinx-gcc -c -gstabs -Wall -isysroot /usr/darwinx/SDKs/MacOSX10.5.sdk -I/usr/darwinx/usr/include -arch i386 -arch ppc -arch x86_64 -gstabs -Wall -isysroot /usr/darwinx/SDKs/MacOSX10.5.sdk -I/usr/darwinx/usr/include  conftest.c >&5
configure:4366: $? = 0
configure:4382: result: yes
configure:4548: result: using CoreMidi
configure:4560: checking CoreMIDI/CoreMIDI.h usability
configure:4577: darwinx-gcc -c -gstabs -Wall -isysroot /usr/darwinx/SDKs/MacOSX10.5.sdk -I/usr/darwinx/usr/include -arch i386 -arch ppc -arch x86_64 -gstabs -Wall -isysroot /usr/darwinx/SDKs/MacOSX10.5.sdk -I/usr/darwinx/usr/include  conftest.c >&5
configure:4583: $? = 0
configure:4597: result: yes
configure:4601: checking CoreMIDI/CoreMIDI.h presence
configure:4616: darwinx-gcc -E -gstabs -Wall -isysroot /usr/darwinx/SDKs/MacOSX10.5.sdk -I/usr/darwinx/usr/include  conftest.c
configure:4622: $? = 0
configure:4636: result: yes
configure:4669: checking for CoreMIDI/CoreMIDI.h
configure:4676: result: yes
configure:4875: creating ./config.status

## ---------------------- ##
## Running config.status. ##
## ---------------------- ##

This file was extended by RtMidi config.status 2.0, which was
generated by GNU Autoconf 2.61.  Invocation command line was

  CONFIG_FILES    = 
  CONFIG_HEADERS  = 
  CONFIG_LINKS    = 
  CONFIG_COMMANDS = 
  $ ./config.status 

on ttlush.localdomain

config.status:597: creating rtmidi-config
config.status:597: creating Makefile
config.status:597: creating tests/Makefile

## ---------------- ##
## Cache variables. ##
## ---------------- ##

ac_cv_build=x86_64-unknown-linux-gnu
ac_cv_c_compiler_gnu=yes
ac_cv_cxx_compiler_gnu=yes
ac_cv_env_CCC_set=
ac_cv_env_CCC_value=
ac_cv_env_CC_set=set
ac_cv_env_CC_value=darwinx-gcc
ac_cv_env_CFLAGS_set=set
ac_cv_env_CFLAGS_value='-gstabs -Wall -isysroot /usr/darwinx/SDKs/MacOSX10.5.sdk -I/usr/darwinx/usr/include -arch i386 -arch ppc -arch x86_64'
ac_cv_env_CPPFLAGS_set=set
ac_cv_env_CPPFLAGS_value='-gstabs -Wall -isysroot /usr/darwinx/SDKs/MacOSX10.5.sdk -I/usr/darwinx/usr/include'
ac_cv_env_CPP_set=
ac_cv_env_CPP_value=
ac_cv_env_CXXFLAGS_set=set
ac_cv_env_CXXFLAGS_value='-gstabs -Wall -isysroot /usr/darwinx/SDKs/MacOSX10.5.sdk -I/usr/darwinx/usr/include -arch i386 -arch ppc -arch x86_64'
ac_cv_env_CXX_set=set
ac_cv_env_CXX_value=darwinx-g++
ac_cv_env_LDFLAGS_set=set
ac_cv_env_LDFLAGS_value=-L/usr/darwinx/usr/lib
ac_cv_env_LIBS_set=
ac_cv_env_LIBS_value=
ac_cv_env_build_alias_set=set
ac_cv_env_build_alias_value=x86_64-unknown-linux-gnu
ac_cv_env_host_alias_set=set
ac_cv_env_host_alias_value=i686-apple-darwin10
ac_cv_env_target_alias_set=set
ac_cv_env_target_alias_value=i686-apple-darwin10
ac_cv_header_CoreMIDI_CoreMIDI_h=yes
ac_cv_header_inttypes_h=yes
ac_cv_header_memory_h=yes
ac_cv_header_stdc=yes
ac_cv_header_stdint_h=yes
ac_cv_header_stdlib_h=yes
ac_cv_header_string_h=yes
ac_cv_header_strings_h=yes
ac_cv_header_sys_stat_h=yes
ac_cv_header_sys_types_h=yes
ac_cv_header_unistd_h=yes
ac_cv_host=i686-apple-darwin10
ac_cv_objext=o
ac_cv_path_AR=/usr/bin/darwinx-ar
ac_cv_path_EGREP='/usr/bin/grep -E'
ac_cv_path_GREP=/usr/bin/grep
ac_cv_prog_CC=darwinx-gcc
ac_cv_prog_CPP='darwinx-gcc -E'
ac_cv_prog_RANLIB=/usr/bin/darwinx-ranlib
ac_cv_prog_cc_c89=
ac_cv_prog_cc_g=yes
ac_cv_prog_cxx_g=yes

## ----------------- ##
## Output variables. ##
## ----------------- ##

AR='/usr/bin/darwinx-ar'
CC='darwinx-gcc'
CFLAGS='-gstabs -Wall -isysroot /usr/darwinx/SDKs/MacOSX10.5.sdk -I/usr/darwinx/usr/include -arch i386 -arch ppc -arch x86_64'
CPP='darwinx-gcc -E'
CPPFLAGS='-gstabs -Wall -isysroot /usr/darwinx/SDKs/MacOSX10.5.sdk -I/usr/darwinx/usr/include  -D__MACOSX_CORE__'
CXX='darwinx-g++'
CXXFLAGS='-O3 -Wall'
DEFS='-DPACKAGE_NAME=\"RtMidi\" -DPACKAGE_TARNAME=\"rtmidi\" -DPACKAGE_VERSION=\"2.0\" -DPACKAGE_STRING=\"RtMidi\ 2.0\" -DPACKAGE_BUGREPORT=\"gary@music.mcgill.ca\" -DSTDC_HEADERS=1 -DHAVE_SYS_TYPES_H=1 -DHAVE_SYS_STAT_H=1 -DHAVE_STDLIB_H=1 -DHAVE_STRING_H=1 -DHAVE_MEMORY_H=1 -DHAVE_STRINGS_H=1 -DHAVE_INTTYPES_H=1 -DHAVE_STDINT_H=1 -DHAVE_UNISTD_H=1'
ECHO_C=''
ECHO_N='-n'
ECHO_T=''
EGREP='/usr/bin/grep -E'
EXEEXT=''
GREP='/usr/bin/grep'
GXX='yes'
LDFLAGS='-L/usr/darwinx/usr/lib'
LIBOBJS=''
LIBS='-framework CoreMIDI -framework CoreFoundation -framework CoreAudio'
LTLIBOBJS=''
OBJEXT='o'
PACKAGE_BUGREPORT='gary@music.mcgill.ca'
PACKAGE_NAME='RtMidi'
PACKAGE_STRING='RtMidi 2.0'
PACKAGE_TARNAME='rtmidi'
PACKAGE_VERSION='2.0'
PATH_SEPARATOR=':'
RANLIB='/usr/bin/darwinx-ranlib'
SHELL='/bin/sh'
ac_ct_CC=''
ac_ct_CXX=''
api='-D__MACOSX_CORE__'
bindir='/usr/darwinx/usr/bin'
build='x86_64-unknown-linux-gnu'
build_alias='x86_64-unknown-linux-gnu'
build_cpu='x86_64'
build_os='linux-gnu'
build_vendor='unknown'
cppflag=''
cxxflag='-Wall'
datadir='/usr/darwinx/usr/share'
datarootdir='${prefix}/share'
docdir='${datarootdir}/doc/${PACKAGE_TARNAME}'
dvidir='${docdir}'
exec_prefix='/usr/darwinx/usr'
host='i686-apple-darwin10'
host_alias='i686-apple-darwin10'
host_cpu='i686'
host_os='darwin10'
host_vendor='apple'
htmldir='${docdir}'
includedir='/usr/darwinx/usr/include'
infodir='/usr/darwinx/usr/share/info'
libdir='/usr/darwinx/usr/lib'
libexecdir='/usr/darwinx/usr/libexec'
libflags='-dynamiclib -o librtmidi.$(RELEASE).dylib'
localedir='${datarootdir}/locale'
localstatedir='/usr/darwinx/usr/var'
mandir='/usr/darwinx/usr/share/man'
object_path='Release'
oldincludedir='/usr/include'
pdfdir='${docdir}'
prefix='/usr/darwinx/usr'
program_transform_name='s,x,x,'
psdir='${docdir}'
sbindir='/usr/darwinx/usr/sbin'
sharedlib='librtmidi.dylib'
sharedname='librtmidi.$(RELEASE).dylib'
sharedstatedir='/usr/darwinx/usr/com'
sysconfdir='/usr/darwinx/usr/etc'
target_alias='i686-apple-darwin10'

## ----------- ##
## confdefs.h. ##
## ----------- ##

#define PACKAGE_NAME "RtMidi"
#define PACKAGE_TARNAME "rtmidi"
#define PACKAGE_VERSION "2.0"
#define PACKAGE_STRING "RtMidi 2.0"
#define PACKAGE_BUGREPORT "gary@music.mcgill.ca"
#define STDC_HEADERS 1
#define HAVE_SYS_TYPES_H 1
#define HAVE_SYS_STAT_H 1
#define HAVE_STDLIB_H 1
#define HAVE_STRING_H 1
#define HAVE_MEMORY_H 1
#define HAVE_STRINGS_H 1
#define HAVE_INTTYPES_H 1
#define HAVE_STDINT_H 1
#define HAVE_UNISTD_H 1

configure: exit 0
